{"C:\\Users\\dleme\\utils\\ai_task_manager\\frontend\\src\\App.tsx": {"path":"C:\\Users\\dleme\\utils\\ai_task_manager\\frontend\\src\\App.tsx","statementMap":{"0":{"start":{"line":19,"column":16},"end":{"line":19,"column":48}},"1":{"start":{"line":20,"column":17},"end":{"line":20,"column":51}},"2":{"start":{"line":21,"column":18},"end":{"line":21,"column":46}},"3":{"start":{"line":23,"column":23},"end":{"line":23,"column":null}},"4":{"start":{"line":25,"column":18},"end":{"line":25,"column":44}},"5":{"start":{"line":26,"column":21},"end":{"line":26,"column":53}},"6":{"start":{"line":28,"column":20},"end":{"line":40,"column":null}},"7":{"start":{"line":29,"column":4},"end":{"line":40,"column":null}},"8":{"start":{"line":30,"column":36},"end":{"line":33,"column":8}},"9":{"start":{"line":35,"column":6},"end":{"line":35,"column":null}},"10":{"start":{"line":35,"column":23},"end":{"line":35,"column":null}},"11":{"start":{"line":36,"column":6},"end":{"line":36,"column":null}},"12":{"start":{"line":36,"column":24},"end":{"line":36,"column":null}},"13":{"start":{"line":38,"column":6},"end":{"line":38,"column":null}},"14":{"start":{"line":40,"column":6},"end":{"line":40,"column":null}},"15":{"start":{"line":44,"column":2},"end":{"line":46,"column":null}},"16":{"start":{"line":45,"column":4},"end":{"line":45,"column":null}},"17":{"start":{"line":48,"column":24},"end":{"line":67,"column":null}},"18":{"start":{"line":49,"column":4},"end":{"line":49,"column":null}},"19":{"start":{"line":50,"column":4},"end":{"line":50,"column":null}},"20":{"start":{"line":50,"column":25},"end":{"line":50,"column":null}},"21":{"start":{"line":52,"column":4},"end":{"line":52,"column":null}},"22":{"start":{"line":53,"column":4},"end":{"line":67,"column":null}},"23":{"start":{"line":54,"column":18},"end":{"line":58,"column":8}},"24":{"start":{"line":60,"column":6},"end":{"line":62,"column":null}},"25":{"start":{"line":61,"column":8},"end":{"line":61,"column":null}},"26":{"start":{"line":62,"column":8},"end":{"line":62,"column":null}},"27":{"start":{"line":65,"column":6},"end":{"line":65,"column":null}},"28":{"start":{"line":67,"column":6},"end":{"line":67,"column":null}},"29":{"start":{"line":71,"column":8},"end":{"line":73,"column":null}},"30":{"start":{"line":72,"column":4},"end":{"line":72,"column":null}},"31":{"start":{"line":72,"column":20},"end":{"line":72,"column":null}},"32":{"start":{"line":73,"column":4},"end":{"line":73,"column":null}},"33":{"start":{"line":76,"column":2},"end":{"line":148,"column":null}},"34":{"start":{"line":84,"column":27},"end":{"line":84,"column":53}},"35":{"start":{"line":112,"column":18},"end":{"line":118,"column":null}},"36":{"start":{"line":132,"column":18},"end":{"line":137,"column":null}}},"fnMap":{"0":{"name":"App","decl":{"start":{"line":18,"column":9},"end":{"line":18,"column":15}},"loc":{"start":{"line":18,"column":15},"end":{"line":148,"column":null}},"line":18},"1":{"name":"(anonymous_1)","decl":{"start":{"line":28,"column":20},"end":{"line":28,"column":32}},"loc":{"start":{"line":28,"column":32},"end":{"line":40,"column":null}},"line":28},"2":{"name":"(anonymous_2)","decl":{"start":{"line":44,"column":2},"end":{"line":44,"column":18}},"loc":{"start":{"line":44,"column":18},"end":{"line":46,"column":7}},"line":44},"3":{"name":"(anonymous_3)","decl":{"start":{"line":48,"column":24},"end":{"line":48,"column":31}},"loc":{"start":{"line":48,"column":54},"end":{"line":67,"column":null}},"line":48},"4":{"name":"(anonymous_4)","decl":{"start":{"line":71,"column":8},"end":{"line":71,"column":22}},"loc":{"start":{"line":71,"column":45},"end":{"line":73,"column":null}},"line":71},"5":{"name":"(anonymous_5)","decl":{"start":{"line":84,"column":10},"end":{"line":84,"column":21}},"loc":{"start":{"line":84,"column":27},"end":{"line":84,"column":53}},"line":84},"6":{"name":"(anonymous_6)","decl":{"start":{"line":111,"column":22},"end":{"line":111,"column":26}},"loc":{"start":{"line":112,"column":18},"end":{"line":118,"column":null}},"line":112},"7":{"name":"(anonymous_7)","decl":{"start":{"line":131,"column":23},"end":{"line":131,"column":27}},"loc":{"start":{"line":132,"column":18},"end":{"line":137,"column":null}},"line":132}},"branchMap":{"0":{"loc":{"start":{"line":23,"column":23},"end":{"line":23,"column":null}},"type":"binary-expr","locations":[{"start":{"line":23,"column":23},"end":{"line":23,"column":55}},{"start":{"line":23,"column":55},"end":{"line":23,"column":null}}],"line":23},"1":{"loc":{"start":{"line":35,"column":6},"end":{"line":35,"column":null}},"type":"if","locations":[{"start":{"line":35,"column":6},"end":{"line":35,"column":null}},{"start":{},"end":{}}],"line":35},"2":{"loc":{"start":{"line":36,"column":6},"end":{"line":36,"column":null}},"type":"if","locations":[{"start":{"line":36,"column":6},"end":{"line":36,"column":null}},{"start":{},"end":{}}],"line":36},"3":{"loc":{"start":{"line":50,"column":4},"end":{"line":50,"column":null}},"type":"if","locations":[{"start":{"line":50,"column":4},"end":{"line":50,"column":null}},{"start":{},"end":{}}],"line":50},"4":{"loc":{"start":{"line":60,"column":6},"end":{"line":62,"column":null}},"type":"if","locations":[{"start":{"line":60,"column":6},"end":{"line":62,"column":null}},{"start":{},"end":{}}],"line":60},"5":{"loc":{"start":{"line":72,"column":4},"end":{"line":72,"column":null}},"type":"if","locations":[{"start":{"line":72,"column":4},"end":{"line":72,"column":null}},{"start":{},"end":{}}],"line":72},"6":{"loc":{"start":{"line":93,"column":11},"end":{"line":93,"column":null}},"type":"cond-expr","locations":[{"start":{"line":93,"column":24},"end":{"line":93,"column":38}},{"start":{"line":93,"column":38},"end":{"line":93,"column":null}}],"line":93},"7":{"loc":{"start":{"line":97,"column":7},"end":{"line":140,"column":null}},"type":"cond-expr","locations":[{"start":{"line":98,"column":8},"end":{"line":103,"column":9}},{"start":{"line":103,"column":8},"end":{"line":140,"column":null}}],"line":97},"8":{"loc":{"start":{"line":108,"column":15},"end":{"line":118,"column":null}},"type":"cond-expr","locations":[{"start":{"line":109,"column":16},"end":{"line":111,"column":22}},{"start":{"line":111,"column":16},"end":{"line":118,"column":null}}],"line":108},"9":{"loc":{"start":{"line":116,"column":23},"end":{"line":116,"column":null}},"type":"binary-expr","locations":[{"start":{"line":116,"column":23},"end":{"line":116,"column":35}},{"start":{"line":116,"column":35},"end":{"line":116,"column":null}}],"line":116},"10":{"loc":{"start":{"line":128,"column":15},"end":{"line":137,"column":null}},"type":"cond-expr","locations":[{"start":{"line":129,"column":16},"end":{"line":131,"column":23}},{"start":{"line":131,"column":16},"end":{"line":137,"column":null}}],"line":128},"11":{"loc":{"start":{"line":133,"column":49},"end":{"line":133,"column":84}},"type":"binary-expr","locations":[{"start":{"line":133,"column":49},"end":{"line":133,"column":66}},{"start":{"line":133,"column":66},"end":{"line":133,"column":84}}],"line":133},"12":{"loc":{"start":{"line":135,"column":40},"end":{"line":135,"column":83}},"type":"binary-expr","locations":[{"start":{"line":135,"column":40},"end":{"line":135,"column":65}},{"start":{"line":135,"column":65},"end":{"line":135,"column":83}}],"line":135},"13":{"loc":{"start":{"line":135,"column":99},"end":{"line":135,"column":145}},"type":"binary-expr","locations":[{"start":{"line":135,"column":99},"end":{"line":135,"column":122}},{"start":{"line":135,"column":122},"end":{"line":135,"column":145}}],"line":135}},"s":{"0":15,"1":15,"2":15,"3":15,"4":15,"5":15,"6":15,"7":6,"8":6,"9":5,"10":5,"11":5,"12":5,"13":1,"14":6,"15":15,"16":5,"17":15,"18":2,"19":2,"20":0,"21":2,"22":2,"23":2,"24":1,"25":1,"26":1,"27":1,"28":2,"29":15,"30":2,"31":0,"32":2,"33":15,"34":2,"35":2,"36":1},"f":{"0":15,"1":6,"2":5,"3":2,"4":2,"5":2,"6":2,"7":1},"b":{"0":[15,15],"1":[5,0],"2":[5,0],"3":[0,2],"4":[1,0],"5":[0,2],"6":[2,13],"7":[5,10],"8":[9,1],"9":[2,2],"10":[9,1],"11":[1,0],"12":[1,0],"13":[1,0]},"meta":{"lastBranch":14,"lastFunction":8,"lastStatement":37,"seen":{"f:18:9:18:15":0,"s:19:16:19:48":0,"s:20:17:20:51":1,"s:21:18:21:46":2,"s:23:23:23:Infinity":3,"b:23:23:23:55:23:55:23:Infinity":0,"s:25:18:25:44":4,"s:26:21:26:53":5,"s:28:20:40:Infinity":6,"f:28:20:28:32":1,"s:29:4:40:Infinity":7,"s:30:36:33:8":8,"b:35:6:35:Infinity:undefined:undefined:undefined:undefined":1,"s:35:6:35:Infinity":9,"s:35:23:35:Infinity":10,"b:36:6:36:Infinity:undefined:undefined:undefined:undefined":2,"s:36:6:36:Infinity":11,"s:36:24:36:Infinity":12,"s:38:6:38:Infinity":13,"s:40:6:40:Infinity":14,"s:44:2:46:Infinity":15,"f:44:2:44:18":2,"s:45:4:45:Infinity":16,"s:48:24:67:Infinity":17,"f:48:24:48:31":3,"s:49:4:49:Infinity":18,"b:50:4:50:Infinity:undefined:undefined:undefined:undefined":3,"s:50:4:50:Infinity":19,"s:50:25:50:Infinity":20,"s:52:4:52:Infinity":21,"s:53:4:67:Infinity":22,"s:54:18:58:8":23,"b:60:6:62:Infinity:undefined:undefined:undefined:undefined":4,"s:60:6:62:Infinity":24,"s:61:8:61:Infinity":25,"s:62:8:62:Infinity":26,"s:65:6:65:Infinity":27,"s:67:6:67:Infinity":28,"s:71:8:73:Infinity":29,"f:71:8:71:22":4,"b:72:4:72:Infinity:undefined:undefined:undefined:undefined":5,"s:72:4:72:Infinity":30,"s:72:20:72:Infinity":31,"s:73:4:73:Infinity":32,"s:76:2:148:Infinity":33,"f:84:10:84:21":5,"s:84:27:84:53":34,"b:93:24:93:38:93:38:93:Infinity":6,"b:98:8:103:9:103:8:140:Infinity":7,"b:109:16:111:22:111:16:118:Infinity":8,"f:111:22:111:26":6,"s:112:18:118:Infinity":35,"b:116:23:116:35:116:35:116:Infinity":9,"b:129:16:131:23:131:16:137:Infinity":10,"f:131:23:131:27":7,"s:132:18:137:Infinity":36,"b:133:49:133:66:133:66:133:84":11,"b:135:40:135:65:135:65:135:83":12,"b:135:99:135:122:135:122:135:145":13}}}
,"C:\\Users\\dleme\\utils\\ai_task_manager\\frontend\\src\\index.css": {"path":"C:\\Users\\dleme\\utils\\ai_task_manager\\frontend\\src\\index.css","statementMap":{},"fnMap":{},"branchMap":{},"s":{},"f":{},"b":{},"meta":{"lastBranch":0,"lastFunction":0,"lastStatement":0,"seen":{}}}
}
